{
  "stats": {
    "suites": 3,
    "tests": 13,
    "passes": 13,
    "pending": 0,
    "failures": 0,
    "testsRegistered": 13,
    "passPercent": 100,
    "pendingPercent": 0,
    "other": 0,
    "hasOther": false,
    "skipped": 0,
    "hasSkipped": false,
    "start": "2025-02-05T00:25:45.662Z",
    "end": "2025-02-05T00:28:00.564Z",
    "duration": 134902
  },
  "results": [
    {
      "uuid": "299d257d-bf70-4589-a7c7-a9190d523190",
      "title": "",
      "fullFile": "cypress\\e2e\\specs\\buy-product.spec.js",
      "file": "cypress\\e2e\\specs\\buy-product.spec.js",
      "beforeHooks": [],
      "afterHooks": [],
      "tests": [],
      "suites": [
        {
          "uuid": "ecf9bb60-41cb-4d57-9d1c-83e62fdba18d",
          "title": "Purchase functionalities",
          "fullFile": "",
          "file": "",
          "beforeHooks": [],
          "afterHooks": [],
          "tests": [],
          "suites": [
            {
              "uuid": "f005ee10-426b-43e8-b4dc-496ce7ecb26f",
              "title": "Orders",
              "fullFile": "",
              "file": "",
              "beforeHooks": [],
              "afterHooks": [],
              "tests": [
                {
                  "title": "TC01 - Add 1 itens from category to cart and complete the order",
                  "fullTitle": "Purchase functionalities Orders TC01 - Add 1 itens from category to cart and complete the order",
                  "timedOut": null,
                  "duration": 25412,
                  "state": "passed",
                  "speed": "slow",
                  "pass": true,
                  "fail": false,
                  "pending": false,
                  "context": null,
                  "code": "cy.navbar_by_category(_purchaseOrder.default.category_item, _purchaseOrder.default.menu_item);\ncy.find_product_name(_purchaseOrder.default.product_name2);\ncy.add_to_cart(_purchaseOrder.default.product_name2, _purchaseOrder.default.valueItem2, _purchaseOrder.default.size, _purchaseOrder.default.color2, _purchaseOrder.default.quantityOne);\ncy.contains(`You added ${_purchaseOrder.default.product_name2} to your shopping cart.`).should('be.visible');\ncy.get(_homePage.HOME_PAGE.BLOCK_PRODUCTS.showcart_number).then($el => {\n  $el.get(0).scrollIntoView();\n}).contains(`${_purchaseOrder.default.quantityOne}`);\n// assert number of items in cart\ncy.get(_homePage.HOME_PAGE.BLOCK_PRODUCTS.quantity).invoke('val').then(value => {\n  expect(value).to.eq(`${_purchaseOrder.default.quantityOne}`);\n});\ncy.get(_minicartPages.MINICART.miniCart).click();\ncy.get(_minicartPages.MINICART.miniCartSubTotal).should('be.visible');\ncy.contains(`${_purchaseOrder.default.quantityOne} Item in Cart`).should('be.visible');\ncy.contains(`Proceed to Checkout`).should('be.visible');\ncy.contains(`View and Edit Cart`).should('be.visible');\ncy.contains(`${_purchaseOrder.default.valueItensTotal2}`).should('be.visible');\ncy.get(_minicartPages.MINICART.miniCartProductItemName).should('be.visible').contains(_purchaseOrder.default.product_name2);\ncy.get(_minicartPages.MINICART.miniCartProductItemPrice).should('be.visible').contains(_purchaseOrder.default.valueItem2);\ncy.get(_minicartPages.MINICART.miniCartDetails).should('be.visible').click();\ncy.get(_minicartPages.MINICART.miniCartValues).should('be.visible').contains(_purchaseOrder.default.size);\ncy.get(_minicartPages.MINICART.miniCartValues).should('be.visible').contains(_purchaseOrder.default.color2);\ncy.get(_minicartPages.MINICART.miniCartDropDownProceedToCheckout).click();\ncy.url().should('include', 'checkout/#shipping');\n// fill in the SHIPPING PAGE\ncy.fill_shipping(testData.email, testData.firstName, testData.lastName, testData.postCode, testData.streetAddress, testData.city, testData.state, testData.country, testData.phone, _purchaseOrder.default.shipping_value2);\n// Navigate to payment page.\ncy.get(_shippingPage.SHIPPING.PAYMENT.shippingDetails).should('be.visible');\ncy.contains(testData.firstName).should('be.visible');\ncy.contains(testData.lastName).should('be.visible');\ncy.contains(testData.streetAddress).should('be.visible');\ncy.contains(testData.city).should('be.visible');\ncy.contains(testData.country).should('exist');\ncy.contains(testData.postCode).should('be.visible');\ncy.contains(testData.state).should('exist');\ncy.contains(testData.phone).should('be.visible');\ncy.get(_shippingPage.SHIPPING.PAYMENT.placeOrderBtn).should('be.visible').click();\ncy.url().should('include', 'checkout/onepage/success/');\ncy.contains('Thank you for your purchase!').should('be.visible');\ncy.get(_shippingPage.SHIPPING.PAYMENT.OrderNumber).invoke('text').then(text => {\n  cy.contains(`Your order # is: ${text}`).should('be.visible');\n  orderDetails.orderNumber = text;\n  orderDetails.email = testData.email;\n  orderDetails.lastName = testData.lastName;\n  orderDetails.postCode = testData.postCode;\n  const orderDetailsJSON = JSON.stringify(orderDetails);\n  // create JSON with order details.\n  cy.writeFile('./cypress/fixtures/orderDetails.json', orderDetailsJSON);\n});\ncy.contains(`Email Address: ${testData.email}`).should('be.visible');\ncy.contains('Continue Shopping').should('be.visible');\ncy.contains('Create an Account').should('be.visible');",
                  "err": {},
                  "uuid": "4fe688d3-d9d1-4397-805a-0456658c1ebd",
                  "parentUUID": "f005ee10-426b-43e8-b4dc-496ce7ecb26f",
                  "isHook": false,
                  "skipped": false
                },
                {
                  "title": "TC02 - Add 1 itens from seach to cart and complete the order",
                  "fullTitle": "Purchase functionalities Orders TC02 - Add 1 itens from seach to cart and complete the order",
                  "timedOut": null,
                  "duration": 21882,
                  "state": "passed",
                  "speed": "slow",
                  "pass": true,
                  "fail": false,
                  "pending": false,
                  "context": null,
                  "code": "cy.seach_bar(_purchaseOrder.default.menu_single_item);\ncy.find_product_name(_purchaseOrder.default.product_name3);\ncy.add_to_cart(_purchaseOrder.default.product_name3, _purchaseOrder.default.valueItem3, _purchaseOrder.default.size2, _purchaseOrder.default.color3, _purchaseOrder.default.quantityOne);\ncy.contains(`You added ${_purchaseOrder.default.product_name3} to your shopping cart.`).should('be.visible');\ncy.get(_homePage.HOME_PAGE.BLOCK_PRODUCTS.showcart_number).then($el => {\n  $el.get(0).scrollIntoView();\n}).contains(`${_purchaseOrder.default.quantityOne}`);\n// assert number of items in cart\ncy.get(_homePage.HOME_PAGE.BLOCK_PRODUCTS.quantity).invoke('val').then(value => {\n  expect(value).to.eq(`${_purchaseOrder.default.quantityOne}`);\n});\ncy.get(_minicartPages.MINICART.miniCart).click();\ncy.get(_minicartPages.MINICART.miniCartSubTotal).should('be.visible');\ncy.contains(`${_purchaseOrder.default.quantityOne} Item in Cart`).should('be.visible');\ncy.contains(`Proceed to Checkout`).should('be.visible');\ncy.contains(`View and Edit Cart`).should('be.visible');\ncy.contains(`${_purchaseOrder.default.valueItensTotal3}`).should('be.visible');\ncy.get(_minicartPages.MINICART.miniCartProductItemName).should('be.visible').contains(_purchaseOrder.default.product_name3);\ncy.get(_minicartPages.MINICART.miniCartProductItemPrice).should('be.visible').contains(_purchaseOrder.default.valueItem3);\ncy.get(_minicartPages.MINICART.miniCartDetails).should('be.visible').click();\ncy.get(_minicartPages.MINICART.miniCartValues).should('be.visible').contains(_purchaseOrder.default.size2);\ncy.get(_minicartPages.MINICART.miniCartValues).should('be.visible').contains(_purchaseOrder.default.color3);\ncy.get(_minicartPages.MINICART.miniCartDropDownProceedToCheckout).click();\ncy.url().should('include', 'checkout/#shipping');\n// fill in the SHIPPING PAGE\ncy.fill_shipping(testData.email, testData.firstName, testData.lastName, testData.postCode, testData.streetAddress, testData.city, testData.state, testData.country, testData.phone, _purchaseOrder.default.shipping_value2);\n// Navigate to payment page.\ncy.get(_shippingPage.SHIPPING.PAYMENT.shippingDetails).should('be.visible');\ncy.contains(testData.firstName).should('exist');\ncy.contains(testData.lastName).should('exist');\ncy.contains(testData.streetAddress).should('exist');\ncy.contains(testData.city).should('exist');\ncy.contains(testData.country).should('exist');\ncy.contains(testData.postCode).should('exist');\ncy.contains(testData.state).should('exist');\ncy.contains(testData.phone).should('exist');\ncy.get(_shippingPage.SHIPPING.PAYMENT.placeOrderBtn).should('be.visible').click();\ncy.url().should('include', 'checkout/onepage/success/');\ncy.contains('Thank you for your purchase!').should('be.visible');\ncy.contains(`Email Address: ${testData.email}`).should('be.visible');\ncy.contains('Continue Shopping').should('be.visible');\ncy.contains('Create an Account').should('be.visible');",
                  "err": {},
                  "uuid": "6a6113b7-7f02-4732-8381-dfcff0409dff",
                  "parentUUID": "f005ee10-426b-43e8-b4dc-496ce7ecb26f",
                  "isHook": false,
                  "skipped": false
                },
                {
                  "title": "TC03 - Add 2 itens by Home Page to cart and complete the order",
                  "fullTitle": "Purchase functionalities Orders TC03 - Add 2 itens by Home Page to cart and complete the order",
                  "timedOut": null,
                  "duration": 19995,
                  "state": "passed",
                  "speed": "slow",
                  "pass": true,
                  "fail": false,
                  "pending": false,
                  "context": null,
                  "code": "cy.find_product_name(_purchaseOrder.default.product_name);\ncy.add_to_cart(_purchaseOrder.default.product_name, _purchaseOrder.default.valueItem, _purchaseOrder.default.size, _purchaseOrder.default.color, _purchaseOrder.default.quantity);\ncy.contains(`You added ${_purchaseOrder.default.product_name} to your shopping cart.`).should('be.visible');\ncy.get(_homePage.HOME_PAGE.BLOCK_PRODUCTS.showcart_number).then($el => {\n  $el.get(0).scrollIntoView();\n}).contains(`${_purchaseOrder.default.quantity}`);\n// assert number of items in cart\ncy.get(_homePage.HOME_PAGE.BLOCK_PRODUCTS.quantity).invoke('val').then(value => {\n  expect(value).to.eq(`${_purchaseOrder.default.quantity}`);\n});\ncy.get(_minicartPages.MINICART.miniCart).click();\ncy.get(_minicartPages.MINICART.miniCartSubTotal).should('be.visible');\ncy.contains(`${_purchaseOrder.default.quantity} Item in Cart`).should('be.visible');\ncy.contains(`Proceed to Checkout`).should('be.visible');\ncy.contains(`View and Edit Cart`).should('be.visible');\ncy.contains(`${_purchaseOrder.default.valueItensTotal}`).should('be.visible');\ncy.get(_minicartPages.MINICART.miniCartProductItemName).should('be.visible').contains(_purchaseOrder.default.product_name);\ncy.get(_minicartPages.MINICART.miniCartProductItemPrice).should('be.visible').contains(_purchaseOrder.default.valueItem);\ncy.get(_minicartPages.MINICART.miniCartDetails).should('be.visible').click();\ncy.get(_minicartPages.MINICART.miniCartValues).should('be.visible').contains(_purchaseOrder.default.size);\ncy.get(_minicartPages.MINICART.miniCartValues).should('be.visible').contains(_purchaseOrder.default.color);\ncy.get(_minicartPages.MINICART.miniCartDropDownProceedToCheckout).click();\ncy.url().should('include', 'checkout/#shipping');\n// fill in the SHIPPING PAGE\ncy.fill_shipping(testData.email, testData.firstName, testData.lastName, testData.postCode, testData.streetAddress, testData.city, testData.state, testData.country, testData.phone, _purchaseOrder.default.shipping_value);\n// assert shipping details.\ncy.get(_shippingPage.SHIPPING.PAYMENT.shippingDetails).should('be.visible');\ncy.contains(testData.firstName).should('be.visible');\ncy.contains(testData.lastName).should('be.visible');\ncy.contains(testData.streetAddress).should('be.visible');\ncy.contains(testData.city).should('be.visible');\ncy.contains(testData.country).should('exist');\ncy.contains(testData.postCode).should('be.visible');\ncy.contains(testData.state).should('exist');\ncy.contains(testData.phone).should('be.visible');\n// Navigate to payment page.\ncy.get(_shippingPage.SHIPPING.PAYMENT.placeOrderBtn).should('be.visible').click();\ncy.url().should('include', 'checkout/onepage/success/');\n// assert ordem data.\ncy.contains('Thank you for your purchase!').should('be.visible');\ncy.contains(`Email Address: ${testData.email}`).should('be.visible');\ncy.contains('Continue Shopping').should('be.visible');\ncy.contains('Create an Account').should('be.visible');",
                  "err": {},
                  "uuid": "90e0910e-0169-428c-8bfe-2e85a3a66ecf",
                  "parentUUID": "f005ee10-426b-43e8-b4dc-496ce7ecb26f",
                  "isHook": false,
                  "skipped": false
                }
              ],
              "suites": [],
              "passes": [
                "4fe688d3-d9d1-4397-805a-0456658c1ebd",
                "6a6113b7-7f02-4732-8381-dfcff0409dff",
                "90e0910e-0169-428c-8bfe-2e85a3a66ecf"
              ],
              "failures": [],
              "pending": [],
              "skipped": [],
              "duration": 67289,
              "root": false,
              "rootEmpty": false,
              "_timeout": 2000
            }
          ],
          "passes": [],
          "failures": [],
          "pending": [],
          "skipped": [],
          "duration": 0,
          "root": false,
          "rootEmpty": false,
          "_timeout": 2000
        }
      ],
      "passes": [],
      "failures": [],
      "pending": [],
      "skipped": [],
      "duration": 0,
      "root": true,
      "rootEmpty": true,
      "_timeout": 2000
    },
    {
      "uuid": "6d5eae30-2169-4f42-bcb6-3904e589385a",
      "title": "",
      "fullFile": "cypress\\e2e\\specs\\create-account.spec.js",
      "file": "cypress\\e2e\\specs\\create-account.spec.js",
      "beforeHooks": [],
      "afterHooks": [],
      "tests": [],
      "suites": [
        {
          "uuid": "3504a33a-b48a-46ad-9a54-4bdea5cb1197",
          "title": "User Authentication Tests",
          "fullFile": "",
          "file": "",
          "beforeHooks": [],
          "afterHooks": [],
          "tests": [
            {
              "title": "TC01 - Should create an account successfully",
              "fullTitle": "User Authentication Tests TC01 - Should create an account successfully",
              "timedOut": null,
              "duration": 9952,
              "state": "passed",
              "speed": "medium",
              "pass": true,
              "fail": false,
              "pending": false,
              "context": null,
              "code": "const testData = (0, _dataProducts.default)();\ncy.writeFile('cypress/fixtures/user.json', {\n  email: testData.email,\n  password: testData.password\n});\ncy.create_new_account(testData.email, testData.firstName, testData.lastName, testData.password);\ncy.get('.message-success').should('be.visible');",
              "err": {},
              "uuid": "42b6a1ab-82a4-4992-b656-42d9689674a0",
              "parentUUID": "3504a33a-b48a-46ad-9a54-4bdea5cb1197",
              "isHook": false,
              "skipped": false
            },
            {
              "title": "TC02 - Should log in successfully",
              "fullTitle": "User Authentication Tests TC02 - Should log in successfully",
              "timedOut": null,
              "duration": 7328,
              "state": "passed",
              "speed": "medium",
              "pass": true,
              "fail": false,
              "pending": false,
              "context": null,
              "code": "cy.fixture('user').then(user => {\n  cy.login(user.email, user.password);\n  cy.get(':nth-child(2) > .greet > .logged-in').should('be.visible');\n});",
              "err": {},
              "uuid": "7cb3cdbc-6c48-482c-9145-2cf182177eb5",
              "parentUUID": "3504a33a-b48a-46ad-9a54-4bdea5cb1197",
              "isHook": false,
              "skipped": false
            },
            {
              "title": "TC03 - Should log in fail with incorrect email and correct password",
              "fullTitle": "User Authentication Tests TC03 - Should log in fail with incorrect email and correct password",
              "timedOut": null,
              "duration": 5272,
              "state": "passed",
              "speed": "medium",
              "pass": true,
              "fail": false,
              "pending": false,
              "context": null,
              "code": "const testData = (0, _dataProducts.default)();\ncy.login(testData.incorrectEmail, testData.password);\ncy.get('.message-error').should('be.visible');",
              "err": {},
              "uuid": "afdad18c-f5bd-418d-bdf9-992056196127",
              "parentUUID": "3504a33a-b48a-46ad-9a54-4bdea5cb1197",
              "isHook": false,
              "skipped": false
            },
            {
              "title": "TC04 - Should log in fail with correct email and incorrect password",
              "fullTitle": "User Authentication Tests TC04 - Should log in fail with correct email and incorrect password",
              "timedOut": null,
              "duration": 9181,
              "state": "passed",
              "speed": "medium",
              "pass": true,
              "fail": false,
              "pending": false,
              "context": null,
              "code": "const testData = (0, _dataProducts.default)();\ncy.login(testData.email, testData.incorrectPassword);\ncy.get('.message-error').should('be.visible');",
              "err": {},
              "uuid": "56aa1629-15d5-43c6-9f59-a1bc06df8bb2",
              "parentUUID": "3504a33a-b48a-46ad-9a54-4bdea5cb1197",
              "isHook": false,
              "skipped": false
            },
            {
              "title": "TC05 - Should log in fail with both incorrect email and password",
              "fullTitle": "User Authentication Tests TC05 - Should log in fail with both incorrect email and password",
              "timedOut": null,
              "duration": 5524,
              "state": "passed",
              "speed": "medium",
              "pass": true,
              "fail": false,
              "pending": false,
              "context": null,
              "code": "const testData = (0, _dataProducts.default)();\ncy.login(testData.incorrectEmail, testData.incorrectPassword);\ncy.get('.message-error').should('be.visible');",
              "err": {},
              "uuid": "629cb338-567b-43b6-ac2d-ecb32113e77c",
              "parentUUID": "3504a33a-b48a-46ad-9a54-4bdea5cb1197",
              "isHook": false,
              "skipped": false
            },
            {
              "title": "TC06 - Should log in fail with empty email and password",
              "fullTitle": "User Authentication Tests TC06 - Should log in fail with empty email and password",
              "timedOut": null,
              "duration": 3547,
              "state": "passed",
              "speed": "fast",
              "pass": true,
              "fail": false,
              "pending": false,
              "context": null,
              "code": "const testData = (0, _dataProducts.default)();\ncy.login(testData.emptyEmail, testData.emptyPassword);\ncy.get('#email-error').should('be.visible');\ncy.get('#pass-error').should('be.visible');",
              "err": {},
              "uuid": "b00e0741-a134-4527-91f5-50298d276039",
              "parentUUID": "3504a33a-b48a-46ad-9a54-4bdea5cb1197",
              "isHook": false,
              "skipped": false
            }
          ],
          "suites": [],
          "passes": [
            "42b6a1ab-82a4-4992-b656-42d9689674a0",
            "7cb3cdbc-6c48-482c-9145-2cf182177eb5",
            "afdad18c-f5bd-418d-bdf9-992056196127",
            "56aa1629-15d5-43c6-9f59-a1bc06df8bb2",
            "629cb338-567b-43b6-ac2d-ecb32113e77c",
            "b00e0741-a134-4527-91f5-50298d276039"
          ],
          "failures": [],
          "pending": [],
          "skipped": [],
          "duration": 40804,
          "root": false,
          "rootEmpty": false,
          "_timeout": 2000
        }
      ],
      "passes": [],
      "failures": [],
      "pending": [],
      "skipped": [],
      "duration": 0,
      "root": true,
      "rootEmpty": true,
      "_timeout": 2000
    },
    {
      "uuid": "a137afc1-ae14-4b2e-a421-f3620d421c81",
      "title": "",
      "fullFile": "cypress\\e2e\\specs\\orders-and-returns.spec.js",
      "file": "cypress\\e2e\\specs\\orders-and-returns.spec.js",
      "beforeHooks": [],
      "afterHooks": [],
      "tests": [],
      "suites": [
        {
          "uuid": "f2890a65-3a9f-4214-9592-4cf7dde1284e",
          "title": "Orders and Returns Tests",
          "fullFile": "",
          "file": "",
          "beforeHooks": [],
          "afterHooks": [],
          "tests": [
            {
              "title": "TC01 - Submit Orders and Returns Form with Valid Data with Email",
              "fullTitle": "Orders and Returns Tests TC01 - Submit Orders and Returns Form with Valid Data with Email",
              "timedOut": null,
              "duration": 6546,
              "state": "passed",
              "speed": "medium",
              "pass": true,
              "fail": false,
              "pending": false,
              "context": null,
              "code": "cy.orders_and_returns_email(_orderDetails.default.orderNumber, _orderDetails.default.lastName, testData.emailSelect, _orderDetails.default.email);\ncy.get('.order-details-items').should('be.visible');",
              "err": {},
              "uuid": "6bab1882-fee6-4a08-b391-6a35960e1bec",
              "parentUUID": "f2890a65-3a9f-4214-9592-4cf7dde1284e",
              "isHook": false,
              "skipped": false
            },
            {
              "title": "TC02 - Submit Orders and Returns Form with Valid Data with Zip Code",
              "fullTitle": "Orders and Returns Tests TC02 - Submit Orders and Returns Form with Valid Data with Zip Code",
              "timedOut": null,
              "duration": 5041,
              "state": "passed",
              "speed": "medium",
              "pass": true,
              "fail": false,
              "pending": false,
              "context": null,
              "code": "cy.orders_and_returns_zip_code(_orderDetails.default.orderNumber, _orderDetails.default.lastName, testData.zipCodeSelect, _orderDetails.default.postCode);\ncy.get('.order-details-items').should('be.visible');",
              "err": {},
              "uuid": "18567067-ae19-4bbb-87a4-f39aaeaf5b98",
              "parentUUID": "f2890a65-3a9f-4214-9592-4cf7dde1284e",
              "isHook": false,
              "skipped": false
            },
            {
              "title": "TC03 - Submit Orders and Returns Form with Invalid Data",
              "fullTitle": "Orders and Returns Tests TC03 - Submit Orders and Returns Form with Invalid Data",
              "timedOut": null,
              "duration": 5098,
              "state": "passed",
              "speed": "medium",
              "pass": true,
              "fail": false,
              "pending": false,
              "context": null,
              "code": "cy.orders_and_returns_email(testData.incorrectOrder, testData.lastName, testData.emailSelect, testData.incorrectEmail);\ncy.get('.message-error').should('be.visible');",
              "err": {},
              "uuid": "0b3e9851-faed-4044-ae35-50f3a3e30ba3",
              "parentUUID": "f2890a65-3a9f-4214-9592-4cf7dde1284e",
              "isHook": false,
              "skipped": false
            },
            {
              "title": "TC04 - Submit Orders and Returns Form with Empty Fields",
              "fullTitle": "Orders and Returns Tests TC04 - Submit Orders and Returns Form with Empty Fields",
              "timedOut": null,
              "duration": 4054,
              "state": "passed",
              "speed": "fast",
              "pass": true,
              "fail": false,
              "pending": false,
              "context": null,
              "code": "cy.orders_and_returns_email(testData.emptyOrder, testData.emptylastName, testData.emailSelect, testData.emptyEmail);\ncy.get('#oar-order-id-error').should('be.visible');\ncy.get('#oar-billing-lastname-error').should('be.visible');\ncy.get('#oar_email-error').should('be.visible');",
              "err": {},
              "uuid": "31e60de1-437b-462b-b160-dfb45275f6dd",
              "parentUUID": "f2890a65-3a9f-4214-9592-4cf7dde1284e",
              "isHook": false,
              "skipped": false
            }
          ],
          "suites": [],
          "passes": [
            "6bab1882-fee6-4a08-b391-6a35960e1bec",
            "18567067-ae19-4bbb-87a4-f39aaeaf5b98",
            "0b3e9851-faed-4044-ae35-50f3a3e30ba3",
            "31e60de1-437b-462b-b160-dfb45275f6dd"
          ],
          "failures": [],
          "pending": [],
          "skipped": [],
          "duration": 20739,
          "root": false,
          "rootEmpty": false,
          "_timeout": 2000
        }
      ],
      "passes": [],
      "failures": [],
      "pending": [],
      "skipped": [],
      "duration": 0,
      "root": true,
      "rootEmpty": true,
      "_timeout": 2000
    }
  ],
  "meta": {
    "mocha": {
      "version": "7.0.1"
    },
    "mochawesome": {
      "options": {
        "quiet": false,
        "reportFilename": "mochawesomeReport_${getBrowserName()}_[datetime]-[name]",
        "saveHtml": false,
        "saveJson": true,
        "consoleReporter": "spec",
        "useInlineDiffs": false,
        "code": true
      },
      "version": "7.1.3"
    },
    "marge": {
      "options": {
        "overwrite": true,
        "html": false,
        "json": true,
        "reportDir": "mochawesome-report",
        "reportFilename": "mochawesomeReport_${getBrowserName()}_[datetime]-[name]",
        "timestamp": "longDate"
      },
      "version": "6.2.0"
    }
  }
}